# JRE version: Java(TM) SE Runtime Environment (8.0_191-b12) (build 1.8.0_191-b12)
# Java VM: Java HotSpot(TM) Client VM (25.191-b12 mixed mode windows-x86 )
Heap:
 def new generation   total 49536K, used 22477K [0x04600000, 0x07bc0000, 0x0f0a0000)
  eden space 44032K,  38% used [0x04600000, 0x056936d0, 0x07100000)
  from space 5504K, 100% used [0x07660000, 0x07bc0000, 0x07bc0000)
  to   space 5504K,   0% used [0x07100000, 0x07100000, 0x07660000)
 tenured generation   total 109992K, used 75288K [0x0f0a0000, 0x15c0a000, 0x24600000)
   the space 109992K,  68% used [0x0f0a0000, 0x13a26340, 0x13a26400, 0x15c0a000)
 Metaspace       used 23386K, capacity 23841K, committed 23936K, reserved 23936K
GC Heap History (10 events):
Event: 3.029 GC heap before
{Heap before GC invocations=4 (full 1):
 def new generation   total 41024K, used 36480K [0x04600000, 0x07280000, 0x0f0a0000)
  eden space 36480K, 100% used [0x04600000, 0x069a0000, 0x069a0000)
  from space 4544K,   0% used [0x069a0000, 0x069a0000, 0x06e10000)
  to   space 4544K,   0% used [0x06e10000, 0x06e10000, 0x07280000)
 tenured generation   total 91116K, used 54667K [0x0f0a0000, 0x1499b000, 0x24600000)
   the space 91116K,  59% used [0x0f0a0000, 0x12602e10, 0x12603000, 0x1499b000)
 Metaspace       used 16172K, capacity 16443K, committed 16512K, reserved 16768K
Event: 3.044 GC heap after
Heap after GC invocations=5 (full 1):
 def new generation   total 41024K, used 4544K [0x04600000, 0x07280000, 0x0f0a0000)
  eden space 36480K,   0% used [0x04600000, 0x04600000, 0x069a0000)
  from space 4544K, 100% used [0x06e10000, 0x07280000, 0x07280000)
  to   space 4544K,   0% used [0x069a0000, 0x069a0000, 0x06e10000)
 tenured generation   total 91116K, used 55559K [0x0f0a0000, 0x1499b000, 0x24600000)
   the space 91116K,  60% used [0x0f0a0000, 0x126e1f30, 0x126e2000, 0x1499b000)
 Metaspace       used 16172K, capacity 16443K, committed 16512K, reserved 16768K
}
Event: 3.742 GC heap before
{Heap before GC invocations=5 (full 1):
 def new generation   total 41024K, used 41024K [0x04600000, 0x07280000, 0x0f0a0000)
  eden space 36480K, 100% used [0x04600000, 0x069a0000, 0x069a0000)
  from space 4544K, 100% used [0x06e10000, 0x07280000, 0x07280000)
  to   space 4544K,   0% used [0x069a0000, 0x069a0000, 0x06e10000)
 tenured generation   total 91116K, used 55559K [0x0f0a0000, 0x1499b000, 0x24600000)
   the space 91116K,  60% used [0x0f0a0000, 0x126e1f30, 0x126e2000, 0x1499b000)
 Metaspace       used 16656K, capacity 16950K, committed 17024K, reserved 17792K
Event: 3.769 GC heap after
Heap after GC invocations=6 (full 1):
 def new generation   total 41024K, used 4001K [0x04600000, 0x07280000, 0x0f0a0000)
  eden space 36480K,   0% used [0x04600000, 0x04600000, 0x069a0000)
  from space 4544K,  88% used [0x069a0000, 0x06d887f8, 0x06e10000)
  to   space 4544K,   0% used [0x06e10000, 0x06e10000, 0x07280000)
 tenured generation   total 91116K, used 58319K [0x0f0a0000, 0x1499b000, 0x24600000)
   the space 91116K,  64% used [0x0f0a0000, 0x12993f30, 0x12994000, 0x1499b000)
 Metaspace       used 16656K, capacity 16950K, committed 17024K, reserved 17792K
}
Event: 4.450 GC heap before
{Heap before GC invocations=6 (full 1):
 def new generation   total 41024K, used 40481K [0x04600000, 0x07280000, 0x0f0a0000)
  eden space 36480K, 100% used [0x04600000, 0x069a0000, 0x069a0000)
  from space 4544K,  88% used [0x069a0000, 0x06d887f8, 0x06e10000)
  to   space 4544K,   0% used [0x06e10000, 0x06e10000, 0x07280000)
 tenured generation   total 91116K, used 58319K [0x0f0a0000, 0x1499b000, 0x24600000)
   the space 91116K,  64% used [0x0f0a0000, 0x12993f30, 0x12994000, 0x1499b000)
 Metaspace       used 18138K, capacity 18420K, committed 18560K, reserved 18816K
Event: 4.470 GC heap after
Heap after GC invocations=7 (full 1):
 def new generation   total 41024K, used 3037K [0x04600000, 0x07280000, 0x0f0a0000)
  eden space 36480K,   0% used [0x04600000, 0x04600000, 0x069a0000)
  from space 4544K,  66% used [0x06e10000, 0x07107620, 0x07280000)
  to   space 4544K,   0% used [0x069a0000, 0x069a0000, 0x06e10000)
 tenured generation   total 91116K, used 61651K [0x0f0a0000, 0x1499b000, 0x24600000)
   the space 91116K,  67% used [0x0f0a0000, 0x12cd4d98, 0x12cd4e00, 0x1499b000)
 Metaspace       used 18138K, capacity 18420K, committed 18560K, reserved 18816K
}
Event: 5.740 GC heap before
{Heap before GC invocations=7 (full 1):
 def new generation   total 41024K, used 39517K [0x04600000, 0x07280000, 0x0f0a0000)
  eden space 36480K, 100% used [0x04600000, 0x069a0000, 0x069a0000)
  from space 4544K,  66% used [0x06e10000, 0x07107620, 0x07280000)
  to   space 4544K,   0% used [0x069a0000, 0x069a0000, 0x06e10000)
 tenured generation   total 91116K, used 61651K [0x0f0a0000, 0x1499b000, 0x24600000)
   the space 91116K,  67% used [0x0f0a0000, 0x12cd4d98, 0x12cd4e00, 0x1499b000)
 Metaspace       used 20038K, capacity 20440K, committed 20480K, reserved 20864K
Event: 5.856 GC heap after
Heap after GC invocations=8 (full 2):
 def new generation   total 49536K, used 0K [0x04600000, 0x07bc0000, 0x0f0a0000)
  eden space 44032K,   0% used [0x04600000, 0x04600000, 0x07100000)
  from space 5504K,   0% used [0x07100000, 0x07100000, 0x07660000)
  to   space 5504K,   0% used [0x07660000, 0x07660000, 0x07bc0000)
 tenured generation   total 109992K, used 65993K [0x0f0a0000, 0x15c0a000, 0x24600000)
   the space 109992K,  59% used [0x0f0a0000, 0x131124a8, 0x13112600, 0x15c0a000)
 Metaspace       used 20038K, capacity 20440K, committed 20480K, reserved 20864K
}
Event: 10.379 GC heap before
{Heap before GC invocations=8 (full 2):
 def new generation   total 49536K, used 44032K [0x04600000, 0x07bc0000, 0x0f0a0000)
  eden space 44032K, 100% used [0x04600000, 0x07100000, 0x07100000)
  from space 5504K,   0% used [0x07100000, 0x07100000, 0x07660000)
  to   space 5504K,   0% used [0x07660000, 0x07660000, 0x07bc0000)
 tenured generation   total 109992K, used 65993K [0x0f0a0000, 0x15c0a000, 0x24600000)
   the space 109992K,  59% used [0x0f0a0000, 0x131124a8, 0x13112600, 0x15c0a000)
 Metaspace       used 23380K, capacity 23841K, committed 23936K, reserved 23936K
Event: 10.397 GC heap after
Heap after GC invocations=9 (full 2):
 def new generation   total 49536K, used 5504K [0x04600000, 0x07bc0000, 0x0f0a0000)
  eden space 44032K,   0% used [0x04600000, 0x04600000, 0x07100000)
  from space 5504K, 100% used [0x07660000, 0x07bc0000, 0x07bc0000)
  to   space 5504K,   0% used [0x07100000, 0x07100000, 0x07660000)
 tenured generation   total 109992K, used 75288K [0x0f0a0000, 0x15c0a000, 0x24600000)
   the space 109992K,  68% used [0x0f0a0000, 0x13a26340, 0x13a26400, 0x15c0a000)
 Metaspace       used 23380K, capacity 23841K, committed 23936K, reserved 23936K
}

